<?xml version="1.0" encoding="UTF-8"?>
<testng-results ignored="0" total="1" passed="1" failed="0" skipped="0">
  <reporter-output>
  </reporter-output>
  <suite started-at="2024-04-13T19:36:11 IST" name="Default suite" finished-at="2024-04-13T19:36:36 IST" duration-ms="25171">
    <groups>
    </groups>
    <test started-at="2024-04-13T19:36:11 IST" name="Default test" finished-at="2024-04-13T19:36:36 IST" duration-ms="25171">
      <class name="com.ITlearn3.testcases.PaymentTestCase">
        <test-method is-config="true" signature="setUp()[pri:0, instance:com.ITlearn3.testcases.PaymentTestCase@2ddc9a9f]" started-at="2024-04-13T19:36:11 IST" name="setUp" finished-at="2024-04-13T19:36:18 IST" duration-ms="7100" status="PASS">
          <reporter-output>
          </reporter-output>
        </test-method> <!-- setUp -->
        <test-method signature="paymentTest()[pri:1, instance:com.ITlearn3.testcases.PaymentTestCase@2ddc9a9f]" started-at="2024-04-13T19:36:18 IST" name="paymentTest" finished-at="2024-04-13T19:36:36 IST" duration-ms="17699" status="PASS">
          <reporter-output>
          </reporter-output>
        </test-method> <!-- paymentTest -->
        <test-method is-config="true" signature="tearDoww()[pri:0, instance:com.ITlearn3.testcases.PaymentTestCase@2ddc9a9f]" started-at="2024-04-13T19:36:36 IST" name="tearDoww" finished-at="2024-04-13T19:36:36 IST" duration-ms="328" status="PASS">
          <reporter-output>
          </reporter-output>
        </test-method> <!-- tearDoww -->
      </class> <!-- com.ITlearn3.testcases.PaymentTestCase -->
    </test> <!-- Default test -->
  </suite> <!-- Default suite -->
</testng-results>
